test_utils.obj : error LNK2019: unresolved external symbol "bool __cdecl testing::internal::IsTrue(bool)" (?IsTrue@internal@testing@@YA_N_N@Z) referenced in function "public: static void (__cdecl*__cdecl testing::internal::SuiteApiResolver<class UtilsTest>::GetSetUpCaseOrSuite(char const *,int))(void)" (?GetSetUpCaseOrSuite@?$SuiteApiResolver@VUtilsTest@@@internal@testing@@SAP6AXXZPEBDH@Z)
test_utils.obj : error LNK2019: unresolved external symbol "public: __cdecl testing::internal::GTestLog::GTestLog(enum testing::internal::GTestLogSeverity,char const *,int)" (??0GTestLog@internal@testing@@QEAA@W4GTestLogSeverity@12@PEBDH@Z) referenced in function "public: static void (__cdecl*__cdecl testing::internal::SuiteApiResolver<class UtilsTest>::GetSetUpCaseOrSuite(char const *,int))(void)" (?GetSetUpCaseOrSuite@?$SuiteApiResolver@VUtilsTest@@@internal@testing@@SAP6AXXZPEBDH@Z)
test_utils.obj : error LNK2019: unresolved external symbol "public: __cdecl testing::internal::GTestLog::~GTestLog(void)" (??1GTestLog@internal@testing@@QEAA@XZ) referenced in function "public: static void (__cdecl*__cdecl testing::internal::SuiteApiResolver<class UtilsTest>::GetSetUpCaseOrSuite(char const *,int))(void)" (?GetSetUpCaseOrSuite@?$SuiteApiResolver@VUtilsTest@@@internal@testing@@SAP6AXXZPEBDH@Z)
test_utils.obj : error LNK2019: unresolved external symbol "public: __cdecl testing::Message::Message(void)" (??0Message@testing@@QEAA@XZ) referenced in function "private: virtual void __cdecl UtilsTest_IsValidHexAddressTrue_Test::TestBody(void)" (?TestBody@UtilsTest_IsValidHexAddressTrue_Test@@EEAAXXZ)
test_utils.obj : error LNK2019: unresolved external symbol "class testing::AssertionResult __cdecl testing::AssertionSuccess(void)" (?AssertionSuccess@testing@@YA?AVAssertionResult@1@XZ) referenced in function "class testing::AssertionResult __cdecl testing::internal::CmpHelperEQ<class std::basic_string<char,struct std::char_traits<char>,class std::allocator<char> >,char [1]>(char const *,char const *,class std::basic_string<char,struct std::char_traits<char>,class std::allocator<char> > const &,char const (&)[1])" (??$CmpHelperEQ@V?$basic_string@DU?$char_traits@D@std@@V?$allocator@D@2@@std@@$$BY00D@internal@testing@@YA?AVAssertionResult@1@PEBD0AEBV?$basic_string@DU?$char_traits@D@std@@V?$allocator@D@2@@std@@AEAY00$$CBD@Z)
test_utils.obj : error LNK2019: unresolved external symbol "class testing::AssertionResult __cdecl testing::internal::EqFailure(char const *,char const *,class std::basic_string<char,struct std::char_traits<char>,class std::allocator<char> > const &,class std::basic_string<char,struct std::char_traits<char>,class std::allocator<char> > const &,bool)" (?EqFailure@internal@testing@@YA?AVAssertionResult@2@PEBD0AEBV?$basic_string@DU?$char_traits@D@std@@V?$allocator@D@2@@std@@1_N@Z) referenced in function "class testing::AssertionResult __cdecl testing::internal::CmpHelperEQFailure<class std::basic_string<char,struct std::char_traits<char>,class std::allocator<char> >,char [1]>(char const *,char const *,class std::basic_string<char,struct std::char_traits<char>,class std::allocator<char> > const &,char const (&)[1])" (??$CmpHelperEQFailure@V?$basic_string@DU?$char_traits@D@std@@V?$allocator@D@2@@std@@$$BY00D@internal@testing@@YA?AVAssertionResult@1@PEBD0AEBV?$basic_string@DU?$char_traits@D@std@@V?$allocator@D@2@@std@@AEAY00$$CBD@Z)
test_utils.obj : error LNK2019: unresolved external symbol "class std::basic_string<char,struct std::char_traits<char>,class std::allocator<char> > __cdecl testing::internal::GetBoolAssertionFailureMessage(class testing::AssertionResult const &,char const *,char const *,char const *)" (?GetBoolAssertionFailureMessage@internal@testing@@YA?AV?$basic_string@DU?$char_traits@D@std@@V?$allocator@D@2@@std@@AEBVAssertionResult@2@PEBD11@Z) referenced in function "private: virtual void __cdecl UtilsTest_IsValidHexAddressTrue_Test::TestBody(void)" (?TestBody@UtilsTest_IsValidHexAddressTrue_Test@@EEAAXXZ)
test_utils.obj : error LNK2019: unresolved external symbol "class testing::TestInfo * __cdecl testing::internal::MakeAndRegisterTestInfo(char const *,char const *,char const *,char const *,struct testing::internal::CodeLocation,void const *,void (__cdecl*)(void),void (__cdecl*)(void),class testing::internal::TestFactoryBase *)" (?MakeAndRegisterTestInfo@internal@testing@@YAPEAVTestInfo@2@PEBD000UCodeLocation@12@PEBXP6AXXZ3PEAVTestFactoryBase@12@@Z) referenced in function "void __cdecl `dynamic initializer for 'private: static class testing::TestInfo * UtilsTest_IsInvalidCharacterHexAddress_Test::test_info_''(void)" (??__E?test_info_@UtilsTest_IsInvalidCharacterHexAddress_Test@@0QEAVTestInfo@testing@@EA@@YAXXZ)
test_utils.obj : error LNK2019: unresolved external symbol "void __cdecl testing::internal::PrintStringTo(class std::basic_string<char,struct std::char_traits<char>,class std::allocator<char> > const &,class std::basic_ostream<char,struct std::char_traits<char> > *)" (?PrintStringTo@internal@testing@@YAXAEBV?$basic_string@DU?$char_traits@D@std@@V?$allocator@D@2@@std@@PEAV?$basic_ostream@DU?$char_traits@D@std@@@4@@Z) referenced in function "void __cdecl testing::internal::PrintTo(class std::basic_string<char,struct std::char_traits<char>,class std::allocator<char> > const &,class std::basic_ostream<char,struct std::char_traits<char> > *)" (?PrintTo@internal@testing@@YAXAEBV?$basic_string@DU?$char_traits@D@std@@V?$allocator@D@2@@std@@PEAV?$basic_ostream@DU?$char_traits@D@std@@@4@@Z)
test_utils.obj : error LNK2019: unresolved external symbol "public: virtual __cdecl testing::Test::~Test(void)" (??1Test@testing@@UEAA@XZ) referenced in function "int `public: __cdecl UtilsTest::UtilsTest(void)'::`1'::dtor$0" (?dtor$0@?0???0UtilsTest@@QEAA@XZ@4HA)
test_utils.obj : error LNK2019: unresolved external symbol "protected: __cdecl testing::Test::Test(void)" (??0Test@testing@@IEAA@XZ) referenced in function "public: __cdecl UtilsTest::UtilsTest(void)" (??0UtilsTest@@QEAA@XZ)
test_utils.obj : error LNK2001: unresolved external symbol "protected: virtual void __cdecl testing::Test::SetUp(void)" (?SetUp@Test@testing@@MEAAXXZ)
test_utils.obj : error LNK2001: unresolved external symbol "protected: virtual void __cdecl testing::Test::TearDown(void)" (?TearDown@Test@testing@@MEAAXXZ)
test_utils.obj : error LNK2019: unresolved external symbol "public: __cdecl testing::internal::AssertHelper::AssertHelper(enum testing::TestPartResult::Type,char const *,int,char const *)" (??0AssertHelper@internal@testing@@QEAA@W4Type@TestPartResult@2@PEBDH1@Z) referenced in function "private: virtual void __cdecl UtilsTest_IsValidHexAddressTrue_Test::TestBody(void)" (?TestBody@UtilsTest_IsValidHexAddressTrue_Test@@EEAAXXZ)
test_utils.obj : error LNK2019: unresolved external symbol "public: __cdecl testing::internal::AssertHelper::~AssertHelper(void)" (??1AssertHelper@internal@testing@@QEAA@XZ) referenced in function "private: virtual void __cdecl UtilsTest_IsValidHexAddressTrue_Test::TestBody(void)" (?TestBody@UtilsTest_IsValidHexAddressTrue_Test@@EEAAXXZ)
test_utils.obj : error LNK2019: unresolved external symbol "public: void __cdecl testing::internal::AssertHelper::operator=(class testing::Message const &)const " (??4AssertHelper@internal@testing@@QEBAXAEBVMessage@2@@Z) referenced in function "private: virtual void __cdecl UtilsTest_IsValidHexAddressTrue_Test::TestBody(void)" (?TestBody@UtilsTest_IsValidHexAddressTrue_Test@@EEAAXXZ)
MSVCRTD.lib(exe_main.obj) : error LNK2019: unresolved external symbol main referenced in function "int __cdecl invoke_main(void)" (?invoke_main@@YAHXZ)
C:\Users\Beyioku\Documents\Unreal Projects\Aptos-Cpp-SDK\build\Debug\test_utils.exe : fatal error LNK1120: 17 unresolved externals
