test_wallet.obj : error LNK2019: unresolved external symbol "bool __cdecl testing::internal::IsTrue(bool)" (?IsTrue@internal@testing@@YA_N_N@Z) referenced in function "public: static void (__cdecl*__cdecl testing::internal::SuiteApiResolver<class testing::Test>::GetSetUpCaseOrSuite(char const *,int))(void)" (?GetSetUpCaseOrSuite@?$SuiteApiResolver@VTest@testing@@@internal@testing@@SAP6AXXZPEBDH@Z)
test_wallet.obj : error LNK2019: unresolved external symbol "public: __cdecl testing::internal::GTestLog::GTestLog(enum testing::internal::GTestLogSeverity,char const *,int)" (??0GTestLog@internal@testing@@QEAA@W4GTestLogSeverity@12@PEBDH@Z) referenced in function "public: static void (__cdecl*__cdecl testing::internal::SuiteApiResolver<class testing::Test>::GetSetUpCaseOrSuite(char const *,int))(void)" (?GetSetUpCaseOrSuite@?$SuiteApiResolver@VTest@testing@@@internal@testing@@SAP6AXXZPEBDH@Z)
test_wallet.obj : error LNK2019: unresolved external symbol "public: __cdecl testing::internal::GTestLog::~GTestLog(void)" (??1GTestLog@internal@testing@@QEAA@XZ) referenced in function "public: static void (__cdecl*__cdecl testing::internal::SuiteApiResolver<class testing::Test>::GetSetUpCaseOrSuite(char const *,int))(void)" (?GetSetUpCaseOrSuite@?$SuiteApiResolver@VTest@testing@@@internal@testing@@SAP6AXXZPEBDH@Z)
test_wallet.obj : error LNK2019: unresolved external symbol "public: __cdecl testing::Message::Message(void)" (??0Message@testing@@QEAA@XZ) referenced in function "private: virtual void __cdecl WalletTest_CreateWallet_Test::TestBody(void)" (?TestBody@WalletTest_CreateWallet_Test@@EEAAXXZ)
test_wallet.obj : error LNK2019: unresolved external symbol "class testing::AssertionResult __cdecl testing::AssertionSuccess(void)" (?AssertionSuccess@testing@@YA?AVAssertionResult@1@XZ) referenced in function "class testing::AssertionResult __cdecl testing::internal::CmpHelperEQ<class Aptos::Accounts::Ed25519Signature,class Aptos::Accounts::Ed25519Signature>(char const *,char const *,class Aptos::Accounts::Ed25519Signature const &,class Aptos::Accounts::Ed25519Signature const &)" (??$CmpHelperEQ@VEd25519Signature@Accounts@Aptos@@V123@@internal@testing@@YA?AVAssertionResult@1@PEBD0AEBVEd25519Signature@Accounts@Aptos@@1@Z)
test_wallet.obj : error LNK2019: unresolved external symbol "class testing::AssertionResult __cdecl testing::internal::EqFailure(char const *,char const *,class std::basic_string<char,struct std::char_traits<char>,class std::allocator<char> > const &,class std::basic_string<char,struct std::char_traits<char>,class std::allocator<char> > const &,bool)" (?EqFailure@internal@testing@@YA?AVAssertionResult@2@PEBD0AEBV?$basic_string@DU?$char_traits@D@std@@V?$allocator@D@2@@std@@1_N@Z) referenced in function "class testing::AssertionResult __cdecl testing::internal::CmpHelperEQFailure<class Aptos::Accounts::Ed25519Signature,class Aptos::Accounts::Ed25519Signature>(char const *,char const *,class Aptos::Accounts::Ed25519Signature const &,class Aptos::Accounts::Ed25519Signature const &)" (??$CmpHelperEQFailure@VEd25519Signature@Accounts@Aptos@@V123@@internal@testing@@YA?AVAssertionResult@1@PEBD0AEBVEd25519Signature@Accounts@Aptos@@1@Z)
test_wallet.obj : error LNK2019: unresolved external symbol "class std::basic_string<char,struct std::char_traits<char>,class std::allocator<char> > __cdecl testing::internal::GetBoolAssertionFailureMessage(class testing::AssertionResult const &,char const *,char const *,char const *)" (?GetBoolAssertionFailureMessage@internal@testing@@YA?AV?$basic_string@DU?$char_traits@D@std@@V?$allocator@D@2@@std@@AEBVAssertionResult@2@PEBD11@Z) referenced in function "private: virtual void __cdecl WalletTest_VerifySignature_Test::TestBody(void)" (?TestBody@WalletTest_VerifySignature_Test@@EEAAXXZ)
test_wallet.obj : error LNK2019: unresolved external symbol "void const * __cdecl testing::internal::GetTestTypeId(void)" (?GetTestTypeId@internal@testing@@YAPEBXXZ) referenced in function "void __cdecl `dynamic initializer for 'private: static class testing::TestInfo * WalletTest_CreateWallet_Test::test_info_''(void)" (??__E?test_info_@WalletTest_CreateWallet_Test@@0QEAVTestInfo@testing@@EA@@YAXXZ)
test_wallet.obj : error LNK2019: unresolved external symbol "class testing::TestInfo * __cdecl testing::internal::MakeAndRegisterTestInfo(char const *,char const *,char const *,char const *,struct testing::internal::CodeLocation,void const *,void (__cdecl*)(void),void (__cdecl*)(void),class testing::internal::TestFactoryBase *)" (?MakeAndRegisterTestInfo@internal@testing@@YAPEAVTestInfo@2@PEBD000UCodeLocation@12@PEBXP6AXXZ3PEAVTestFactoryBase@12@@Z) referenced in function "void __cdecl `dynamic initializer for 'private: static class testing::TestInfo * WalletTest_CreateWallet_Test::test_info_''(void)" (??__E?test_info_@WalletTest_CreateWallet_Test@@0QEAVTestInfo@testing@@EA@@YAXXZ)
test_wallet.obj : error LNK2019: unresolved external symbol "void __cdecl testing::internal::PrintBytesInObjectTo(unsigned char const *,unsigned __int64,class std::basic_ostream<char,struct std::char_traits<char> > *)" (?PrintBytesInObjectTo@internal@testing@@YAXPEBE_KPEAV?$basic_ostream@DU?$char_traits@D@std@@@std@@@Z) referenced in function "public: static void __cdecl testing::internal::RawBytesPrinter::PrintValue<class Aptos::Accounts::Ed25519Signature,40>(class Aptos::Accounts::Ed25519Signature const &,class std::basic_ostream<char,struct std::char_traits<char> > *)" (??$PrintValue@VEd25519Signature@Accounts@Aptos@@$0CI@@RawBytesPrinter@internal@testing@@SAXAEBVEd25519Signature@Accounts@Aptos@@PEAV?$basic_ostream@DU?$char_traits@D@std@@@std@@@Z)
test_wallet.obj : error LNK2019: unresolved external symbol "void __cdecl testing::internal::PrintTo(unsigned char,class std::basic_ostream<char,struct std::char_traits<char> > *)" (?PrintTo@internal@testing@@YAXEPEAV?$basic_ostream@DU?$char_traits@D@std@@@std@@@Z) referenced in function "public: static void __cdecl testing::internal::UniversalPrinter<unsigned char>::Print(unsigned char const &,class std::basic_ostream<char,struct std::char_traits<char> > *)" (?Print@?$UniversalPrinter@E@internal@testing@@SAXAEBEPEAV?$basic_ostream@DU?$char_traits@D@std@@@std@@@Z)
test_wallet.obj : error LNK2019: unresolved external symbol "public: virtual __cdecl testing::Test::~Test(void)" (??1Test@testing@@UEAA@XZ) referenced in function "public: virtual __cdecl WalletTest_CreateWallet_Test::~WalletTest_CreateWallet_Test(void)" (??1WalletTest_CreateWallet_Test@@UEAA@XZ)
test_wallet.obj : error LNK2019: unresolved external symbol "protected: __cdecl testing::Test::Test(void)" (??0Test@testing@@IEAA@XZ) referenced in function "public: __cdecl WalletTest_CreateWallet_Test::WalletTest_CreateWallet_Test(void)" (??0WalletTest_CreateWallet_Test@@QEAA@XZ)
test_wallet.obj : error LNK2001: unresolved external symbol "protected: virtual void __cdecl testing::Test::SetUp(void)" (?SetUp@Test@testing@@MEAAXXZ)
test_wallet.obj : error LNK2001: unresolved external symbol "protected: virtual void __cdecl testing::Test::TearDown(void)" (?TearDown@Test@testing@@MEAAXXZ)
test_wallet.obj : error LNK2019: unresolved external symbol "public: __cdecl testing::internal::AssertHelper::AssertHelper(enum testing::TestPartResult::Type,char const *,int,char const *)" (??0AssertHelper@internal@testing@@QEAA@W4Type@TestPartResult@2@PEBDH1@Z) referenced in function "private: virtual void __cdecl WalletTest_CreateWallet_Test::TestBody(void)" (?TestBody@WalletTest_CreateWallet_Test@@EEAAXXZ)
test_wallet.obj : error LNK2019: unresolved external symbol "public: __cdecl testing::internal::AssertHelper::~AssertHelper(void)" (??1AssertHelper@internal@testing@@QEAA@XZ) referenced in function "private: virtual void __cdecl WalletTest_CreateWallet_Test::TestBody(void)" (?TestBody@WalletTest_CreateWallet_Test@@EEAAXXZ)
test_wallet.obj : error LNK2019: unresolved external symbol "public: void __cdecl testing::internal::AssertHelper::operator=(class testing::Message const &)const " (??4AssertHelper@internal@testing@@QEBAXAEBVMessage@2@@Z) referenced in function "private: virtual void __cdecl WalletTest_CreateWallet_Test::TestBody(void)" (?TestBody@WalletTest_CreateWallet_Test@@EEAAXXZ)
test_wallet.obj : error LNK2019: unresolved external symbol "void __cdecl CryptoPP::AlignedDeallocate(void *)" (?AlignedDeallocate@CryptoPP@@YAXPEAX@Z) referenced in function "public: void __cdecl CryptoPP::AllocatorWithCleanup<unsigned char,0>::deallocate(void *,unsigned __int64)" (?deallocate@?$AllocatorWithCleanup@E$0A@@CryptoPP@@QEAAXPEAX_K@Z)
test_wallet.obj : error LNK2019: unresolved external symbol "void __cdecl CryptoPP::UnalignedDeallocate(void *)" (?UnalignedDeallocate@CryptoPP@@YAXPEAX@Z) referenced in function "public: void __cdecl CryptoPP::AllocatorWithCleanup<unsigned char,0>::deallocate(void *,unsigned __int64)" (?deallocate@?$AllocatorWithCleanup@E$0A@@CryptoPP@@QEAAXPEAX_K@Z)
MSVCRTD.lib(exe_main.obj) : error LNK2019: unresolved external symbol main referenced in function "int __cdecl invoke_main(void)" (?invoke_main@@YAHXZ)
C:\Users\Beyioku\Documents\Unreal Projects\Aptos-Cpp-SDK\build\Debug\test_wallet.exe : fatal error LNK1120: 21 unresolved externals
