test_account.obj : error LNK2019: unresolved external symbol "bool __cdecl testing::internal::IsTrue(bool)" (?IsTrue@internal@testing@@YA_N_N@Z) referenced in function "public: static void (__cdecl*__cdecl testing::internal::SuiteApiResolver<class testing::Test>::GetSetUpCaseOrSuite(char const *,int))(void)" (?GetSetUpCaseOrSuite@?$SuiteApiResolver@VTest@testing@@@internal@testing@@SAP6AXXZPEBDH@Z)
test_account.obj : error LNK2019: unresolved external symbol "public: __cdecl testing::internal::GTestLog::GTestLog(enum testing::internal::GTestLogSeverity,char const *,int)" (??0GTestLog@internal@testing@@QEAA@W4GTestLogSeverity@12@PEBDH@Z) referenced in function "public: static void (__cdecl*__cdecl testing::internal::SuiteApiResolver<class testing::Test>::GetSetUpCaseOrSuite(char const *,int))(void)" (?GetSetUpCaseOrSuite@?$SuiteApiResolver@VTest@testing@@@internal@testing@@SAP6AXXZPEBDH@Z)
test_account.obj : error LNK2019: unresolved external symbol "public: __cdecl testing::internal::GTestLog::~GTestLog(void)" (??1GTestLog@internal@testing@@QEAA@XZ) referenced in function "public: static void (__cdecl*__cdecl testing::internal::SuiteApiResolver<class testing::Test>::GetSetUpCaseOrSuite(char const *,int))(void)" (?GetSetUpCaseOrSuite@?$SuiteApiResolver@VTest@testing@@@internal@testing@@SAP6AXXZPEBDH@Z)
test_account.obj : error LNK2019: unresolved external symbol "public: __cdecl testing::Message::Message(void)" (??0Message@testing@@QEAA@XZ) referenced in function "public: virtual void __cdecl AccountTest_GeneratePrivateKeysWithBytesSuccess_Test::TestBody(void)" (?TestBody@AccountTest_GeneratePrivateKeysWithBytesSuccess_Test@@UEAAXXZ)
test_account.obj : error LNK2019: unresolved external symbol "public: class std::basic_string<char,struct std::char_traits<char>,class std::allocator<char> > __cdecl testing::Message::GetString(void)const " (?GetString@Message@testing@@QEBA?AV?$basic_string@DU?$char_traits@D@std@@V?$allocator@D@2@@std@@XZ) referenced in function "private: void __cdecl testing::AssertionResult::AppendMessage(class testing::Message const &)" (?AppendMessage@AssertionResult@testing@@AEAAXAEBVMessage@2@@Z)
test_account.obj : error LNK2019: unresolved external symbol "public: __cdecl testing::AssertionResult::AssertionResult(class testing::AssertionResult const &)" (??0AssertionResult@testing@@QEAA@AEBV01@@Z) referenced in function "class testing::AssertionResult __cdecl testing::internal::CmpHelperOpFailure<unsigned __int64,unsigned __int64>(char const *,char const *,unsigned __int64 const &,unsigned __int64 const &,char const *)" (??$CmpHelperOpFailure@_K_K@internal@testing@@YA?AVAssertionResult@1@PEBD0AEB_K10@Z)
test_account.obj : error LNK2019: unresolved external symbol "class testing::AssertionResult __cdecl testing::AssertionSuccess(void)" (?AssertionSuccess@testing@@YA?AVAssertionResult@1@XZ) referenced in function "class testing::AssertionResult __cdecl testing::internal::CmpHelperEQ<int,unsigned __int64>(char const *,char const *,int const &,unsigned __int64 const &)" (??$CmpHelperEQ@H_K@internal@testing@@YA?AVAssertionResult@1@PEBD0AEBHAEB_K@Z)
test_account.obj : error LNK2019: unresolved external symbol "class testing::AssertionResult __cdecl testing::AssertionFailure(void)" (?AssertionFailure@testing@@YA?AVAssertionResult@1@XZ) referenced in function "class testing::AssertionResult __cdecl testing::internal::CmpHelperOpFailure<unsigned __int64,unsigned __int64>(char const *,char const *,unsigned __int64 const &,unsigned __int64 const &,char const *)" (??$CmpHelperOpFailure@_K_K@internal@testing@@YA?AVAssertionResult@1@PEBD0AEB_K10@Z)
test_account.obj : error LNK2019: unresolved external symbol "class testing::AssertionResult __cdecl testing::internal::EqFailure(char const *,char const *,class std::basic_string<char,struct std::char_traits<char>,class std::allocator<char> > const &,class std::basic_string<char,struct std::char_traits<char>,class std::allocator<char> > const &,bool)" (?EqFailure@internal@testing@@YA?AVAssertionResult@2@PEBD0AEBV?$basic_string@DU?$char_traits@D@std@@V?$allocator@D@2@@std@@1_N@Z) referenced in function "class testing::AssertionResult __cdecl testing::internal::CmpHelperEQFailure<int,unsigned __int64>(char const *,char const *,int const &,unsigned __int64 const &)" (??$CmpHelperEQFailure@H_K@internal@testing@@YA?AVAssertionResult@1@PEBD0AEBHAEB_K@Z)
test_account.obj : error LNK2019: unresolved external symbol "class std::basic_string<char,struct std::char_traits<char>,class std::allocator<char> > __cdecl testing::internal::GetBoolAssertionFailureMessage(class testing::AssertionResult const &,char const *,char const *,char const *)" (?GetBoolAssertionFailureMessage@internal@testing@@YA?AV?$basic_string@DU?$char_traits@D@std@@V?$allocator@D@2@@std@@AEBVAssertionResult@2@PEBD11@Z) referenced in function "public: virtual void __cdecl AccountTest_GeneratePrivateKeysWithBytesSuccess_Test::TestBody(void)" (?TestBody@AccountTest_GeneratePrivateKeysWithBytesSuccess_Test@@UEAAXXZ)
test_account.obj : error LNK2019: unresolved external symbol "void const * __cdecl testing::internal::GetTestTypeId(void)" (?GetTestTypeId@internal@testing@@YAPEBXXZ) referenced in function "void __cdecl `dynamic initializer for 'public: static class testing::TestInfo * AccountAddressTests_GetHashCodeConsistency_Test::test_info_''(void)" (??__E?test_info_@AccountAddressTests_GetHashCodeConsistency_Test@@2QEAVTestInfo@testing@@EA@@YAXXZ)
test_account.obj : error LNK2019: unresolved external symbol "class testing::TestInfo * __cdecl testing::internal::MakeAndRegisterTestInfo(char const *,char const *,char const *,char const *,struct testing::internal::CodeLocation,void const *,void (__cdecl*)(void),void (__cdecl*)(void),class testing::internal::TestFactoryBase *)" (?MakeAndRegisterTestInfo@internal@testing@@YAPEAVTestInfo@2@PEBD000UCodeLocation@12@PEBXP6AXXZ3PEAVTestFactoryBase@12@@Z) referenced in function "void __cdecl `dynamic initializer for 'public: static class testing::TestInfo * AccountAddressTests_GetHashCodeConsistency_Test::test_info_''(void)" (??__E?test_info_@AccountAddressTests_GetHashCodeConsistency_Test@@2QEAVTestInfo@testing@@EA@@YAXXZ)
test_account.obj : error LNK2019: unresolved external symbol "bool __cdecl testing::internal::AlwaysTrue(void)" (?AlwaysTrue@internal@testing@@YA_NXZ) referenced in function "public: virtual void __cdecl AccountTest_InvalidKeyGeneration_Test::TestBody(void)" (?TestBody@AccountTest_InvalidKeyGeneration_Test@@UEAAXXZ)
test_account.obj : error LNK2019: unresolved external symbol "void __cdecl testing::internal::PrintBytesInObjectTo(unsigned char const *,unsigned __int64,class std::basic_ostream<char,struct std::char_traits<char> > *)" (?PrintBytesInObjectTo@internal@testing@@YAXPEBE_KPEAV?$basic_ostream@DU?$char_traits@D@std@@@std@@@Z) referenced in function "public: static void __cdecl testing::internal::RawBytesPrinter::PrintValue<class Aptos::Accounts::AccountAddress,40>(class Aptos::Accounts::AccountAddress const &,class std::basic_ostream<char,struct std::char_traits<char> > *)" (??$PrintValue@VAccountAddress@Accounts@Aptos@@$0CI@@RawBytesPrinter@internal@testing@@SAXAEBVAccountAddress@Accounts@Aptos@@PEAV?$basic_ostream@DU?$char_traits@D@std@@@std@@@Z)
test_account.obj : error LNK2019: unresolved external symbol "void __cdecl testing::internal::PrintTo(unsigned char,class std::basic_ostream<char,struct std::char_traits<char> > *)" (?PrintTo@internal@testing@@YAXEPEAV?$basic_ostream@DU?$char_traits@D@std@@@std@@@Z) referenced in function "public: static void __cdecl testing::internal::UniversalPrinter<unsigned char>::Print(unsigned char const &,class std::basic_ostream<char,struct std::char_traits<char> > *)" (?Print@?$UniversalPrinter@E@internal@testing@@SAXAEBEPEAV?$basic_ostream@DU?$char_traits@D@std@@@std@@@Z)
test_account.obj : error LNK2019: unresolved external symbol "void __cdecl testing::internal::PrintStringTo(class std::basic_string<char,struct std::char_traits<char>,class std::allocator<char> > const &,class std::basic_ostream<char,struct std::char_traits<char> > *)" (?PrintStringTo@internal@testing@@YAXAEBV?$basic_string@DU?$char_traits@D@std@@V?$allocator@D@2@@std@@PEAV?$basic_ostream@DU?$char_traits@D@std@@@4@@Z) referenced in function "void __cdecl testing::internal::PrintTo(class std::basic_string<char,struct std::char_traits<char>,class std::allocator<char> > const &,class std::basic_ostream<char,struct std::char_traits<char> > *)" (?PrintTo@internal@testing@@YAXAEBV?$basic_string@DU?$char_traits@D@std@@V?$allocator@D@2@@std@@PEAV?$basic_ostream@DU?$char_traits@D@std@@@4@@Z)
test_account.obj : error LNK2019: unresolved external symbol "public: virtual __cdecl testing::Test::~Test(void)" (??1Test@testing@@UEAA@XZ) referenced in function "public: virtual __cdecl AccountAddressTests_GetHashCodeConsistency_Test::~AccountAddressTests_GetHashCodeConsistency_Test(void)" (??1AccountAddressTests_GetHashCodeConsistency_Test@@UEAA@XZ)
test_account.obj : error LNK2019: unresolved external symbol "protected: __cdecl testing::Test::Test(void)" (??0Test@testing@@IEAA@XZ) referenced in function "public: __cdecl AccountAddressTests_GetHashCodeConsistency_Test::AccountAddressTests_GetHashCodeConsistency_Test(void)" (??0AccountAddressTests_GetHashCodeConsistency_Test@@QEAA@XZ)
test_account.obj : error LNK2001: unresolved external symbol "protected: virtual void __cdecl testing::Test::SetUp(void)" (?SetUp@Test@testing@@MEAAXXZ)
test_account.obj : error LNK2001: unresolved external symbol "protected: virtual void __cdecl testing::Test::TearDown(void)" (?TearDown@Test@testing@@MEAAXXZ)
test_account.obj : error LNK2019: unresolved external symbol "public: __cdecl testing::internal::AssertHelper::AssertHelper(enum testing::TestPartResult::Type,char const *,int,char const *)" (??0AssertHelper@internal@testing@@QEAA@W4Type@TestPartResult@2@PEBDH1@Z) referenced in function "public: virtual void __cdecl AccountTest_GeneratePrivateKeysWithBytesSuccess_Test::TestBody(void)" (?TestBody@AccountTest_GeneratePrivateKeysWithBytesSuccess_Test@@UEAAXXZ)
test_account.obj : error LNK2019: unresolved external symbol "public: __cdecl testing::internal::AssertHelper::~AssertHelper(void)" (??1AssertHelper@internal@testing@@QEAA@XZ) referenced in function "public: virtual void __cdecl AccountTest_GeneratePrivateKeysWithBytesSuccess_Test::TestBody(void)" (?TestBody@AccountTest_GeneratePrivateKeysWithBytesSuccess_Test@@UEAAXXZ)
test_account.obj : error LNK2019: unresolved external symbol "public: void __cdecl testing::internal::AssertHelper::operator=(class testing::Message const &)const " (??4AssertHelper@internal@testing@@QEBAXAEBVMessage@2@@Z) referenced in function "public: virtual void __cdecl AccountTest_GeneratePrivateKeysWithBytesSuccess_Test::TestBody(void)" (?TestBody@AccountTest_GeneratePrivateKeysWithBytesSuccess_Test@@UEAAXXZ)
test_account.obj : error LNK2019: unresolved external symbol "void * __cdecl CryptoPP::AlignedAllocate(unsigned __int64)" (?AlignedAllocate@CryptoPP@@YAPEAX_K@Z) referenced in function "public: unsigned char * __cdecl CryptoPP::AllocatorWithCleanup<unsigned char,0>::allocate(unsigned __int64,void const *)" (?allocate@?$AllocatorWithCleanup@E$0A@@CryptoPP@@QEAAPEAE_KPEBX@Z)
test_account.obj : error LNK2019: unresolved external symbol "void __cdecl CryptoPP::AlignedDeallocate(void *)" (?AlignedDeallocate@CryptoPP@@YAXPEAX@Z) referenced in function "public: void __cdecl CryptoPP::AllocatorWithCleanup<unsigned char,0>::deallocate(void *,unsigned __int64)" (?deallocate@?$AllocatorWithCleanup@E$0A@@CryptoPP@@QEAAXPEAX_K@Z)
test_account.obj : error LNK2019: unresolved external symbol "void * __cdecl CryptoPP::UnalignedAllocate(unsigned __int64)" (?UnalignedAllocate@CryptoPP@@YAPEAX_K@Z) referenced in function "public: unsigned char * __cdecl CryptoPP::AllocatorWithCleanup<unsigned char,0>::allocate(unsigned __int64,void const *)" (?allocate@?$AllocatorWithCleanup@E$0A@@CryptoPP@@QEAAPEAE_KPEBX@Z)
test_account.obj : error LNK2019: unresolved external symbol "void __cdecl CryptoPP::UnalignedDeallocate(void *)" (?UnalignedDeallocate@CryptoPP@@YAXPEAX@Z) referenced in function "public: void __cdecl CryptoPP::AllocatorWithCleanup<unsigned char,0>::deallocate(void *,unsigned __int64)" (?deallocate@?$AllocatorWithCleanup@E$0A@@CryptoPP@@QEAAXPEAX_K@Z)
test_account.obj : error LNK2019: unresolved external symbol "bool __cdecl CryptoPP::VerifyBufsEqual(unsigned char const *,unsigned char const *,unsigned __int64)" (?VerifyBufsEqual@CryptoPP@@YA_NPEBE0_K@Z) referenced in function "public: bool __cdecl CryptoPP::SecBlock<unsigned char,class CryptoPP::AllocatorWithCleanup<unsigned char,0> >::operator==(class CryptoPP::SecBlock<unsigned char,class CryptoPP::AllocatorWithCleanup<unsigned char,0> > const &)const " (??8?$SecBlock@EV?$AllocatorWithCleanup@E$0A@@CryptoPP@@@CryptoPP@@QEBA_NAEBV01@@Z)
test_account.obj : error LNK2019: unresolved external symbol "void __cdecl CryptoPP::DEREncodeNull(class CryptoPP::BufferedTransformation &)" (?DEREncodeNull@CryptoPP@@YAXAEAVBufferedTransformation@1@@Z) referenced in function "public: virtual bool __cdecl CryptoPP::PKCS8PrivateKey::DEREncodeAlgorithmParameters(class CryptoPP::BufferedTransformation &)const " (?DEREncodeAlgorithmParameters@PKCS8PrivateKey@CryptoPP@@UEBA_NAEAVBufferedTransformation@2@@Z)
test_account.obj : error LNK2019: unresolved external symbol "void __cdecl CryptoPP::BERDecodeNull(class CryptoPP::BufferedTransformation &)" (?BERDecodeNull@CryptoPP@@YAXAEAVBufferedTransformation@1@@Z) referenced in function "public: virtual bool __cdecl CryptoPP::PKCS8PrivateKey::BERDecodeAlgorithmParameters(class CryptoPP::BufferedTransformation &)" (?BERDecodeAlgorithmParameters@PKCS8PrivateKey@CryptoPP@@UEAA_NAEAVBufferedTransformation@2@@Z)
test_account.obj : error LNK2001: unresolved external symbol "public: virtual void __cdecl CryptoPP::PKCS8PrivateKey::BERDecodeOptionalAttributes(class CryptoPP::BufferedTransformation &)" (?BERDecodeOptionalAttributes@PKCS8PrivateKey@CryptoPP@@UEAAXAEAVBufferedTransformation@2@@Z)
test_account.obj : error LNK2001: unresolved external symbol "public: virtual void __cdecl CryptoPP::PKCS8PrivateKey::DEREncodeOptionalAttributes(class CryptoPP::BufferedTransformation &)const " (?DEREncodeOptionalAttributes@PKCS8PrivateKey@CryptoPP@@UEBAXAEAVBufferedTransformation@2@@Z)
test_account.obj : error LNK2019: unresolved external symbol "public: virtual bool __cdecl CryptoPP::ed25519PrivateKey::Validate(class CryptoPP::RandomNumberGenerator &,unsigned int)const " (?Validate@ed25519PrivateKey@CryptoPP@@UEBA_NAEAVRandomNumberGenerator@2@I@Z) referenced in function "[thunk]:public: virtual bool __cdecl CryptoPP::ed25519PrivateKey::Validate`vtordisp{4294967292,104}' (class CryptoPP::RandomNumberGenerator &,unsigned int)const " (?Validate@ed25519PrivateKey@CryptoPP@@$4PPPPPPPM@GI@EBA_NAEAVRandomNumberGenerator@2@I@Z)
test_account.obj : error LNK2019: unresolved external symbol "public: virtual bool __cdecl CryptoPP::ed25519PrivateKey::GetVoidValue(char const *,class type_info const &,void *)const " (?GetVoidValue@ed25519PrivateKey@CryptoPP@@UEBA_NPEBDAEBVtype_info@@PEAX@Z) referenced in function "[thunk]:public: virtual bool __cdecl CryptoPP::ed25519PrivateKey::GetVoidValue`vtordisp{4294967292,104}' (char const *,class type_info const &,void *)const " (?GetVoidValue@ed25519PrivateKey@CryptoPP@@$4PPPPPPPM@GI@EBA_NPEBDAEBVtype_info@@PEAX@Z)
test_account.obj : error LNK2019: unresolved external symbol "public: virtual void __cdecl CryptoPP::ed25519PrivateKey::AssignFrom(class CryptoPP::NameValuePairs const &)" (?AssignFrom@ed25519PrivateKey@CryptoPP@@UEAAXAEBVNameValuePairs@2@@Z) referenced in function "[thunk]:public: virtual void __cdecl CryptoPP::ed25519PrivateKey::AssignFrom`vtordisp{4294967292,104}' (class CryptoPP::NameValuePairs const &)" (?AssignFrom@ed25519PrivateKey@CryptoPP@@$4PPPPPPPM@GI@EAAXAEBVNameValuePairs@2@@Z)
test_account.obj : error LNK2001: unresolved external symbol "public: virtual void __cdecl CryptoPP::ed25519PrivateKey::BERDecode(class CryptoPP::BufferedTransformation &)" (?BERDecode@ed25519PrivateKey@CryptoPP@@UEAAXAEAVBufferedTransformation@2@@Z)
test_account.obj : error LNK2001: unresolved external symbol "public: virtual void __cdecl CryptoPP::ed25519PrivateKey::BERDecodePrivateKey(class CryptoPP::BufferedTransformation &,bool,unsigned __int64)" (?BERDecodePrivateKey@ed25519PrivateKey@CryptoPP@@UEAAXAEAVBufferedTransformation@2@_N_K@Z)
test_account.obj : error LNK2001: unresolved external symbol "public: virtual void __cdecl CryptoPP::ed25519PrivateKey::DEREncodePrivateKey(class CryptoPP::BufferedTransformation &)const " (?DEREncodePrivateKey@ed25519PrivateKey@CryptoPP@@UEBAXAEAVBufferedTransformation@2@@Z)
test_account.obj : error LNK2019: unresolved external symbol "public: void __cdecl CryptoPP::ed25519PrivateKey::DEREncode(class CryptoPP::BufferedTransformation &,int)const " (?DEREncode@ed25519PrivateKey@CryptoPP@@QEBAXAEAVBufferedTransformation@2@H@Z) referenced in function "public: virtual void __cdecl CryptoPP::ed25519PrivateKey::DEREncode(class CryptoPP::BufferedTransformation &)const " (?DEREncode@ed25519PrivateKey@CryptoPP@@UEBAXAEAVBufferedTransformation@2@@Z)
MSVCRTD.lib(exe_main.obj) : error LNK2019: unresolved external symbol main referenced in function "int __cdecl invoke_main(void)" (?invoke_main@@YAHXZ)
C:\Users\Beyioku\Documents\Unreal Projects\Aptos-Cpp-SDK\build\Debug\test_account.exe : fatal error LNK1120: 40 unresolved externals
