test_transaction_serialization.obj : error LNK2019: unresolved external symbol "bool __cdecl testing::internal::IsTrue(bool)" (?IsTrue@internal@testing@@YA_N_N@Z) referenced in function "public: static void (__cdecl*__cdecl testing::internal::SuiteApiResolver<class testing::Test>::GetSetUpCaseOrSuite(char const *,int))(void)" (?GetSetUpCaseOrSuite@?$SuiteApiResolver@VTest@testing@@@internal@testing@@SAP6AXXZPEBDH@Z)
test_transaction_serialization.obj : error LNK2019: unresolved external symbol "public: __cdecl testing::internal::GTestLog::GTestLog(enum testing::internal::GTestLogSeverity,char const *,int)" (??0GTestLog@internal@testing@@QEAA@W4GTestLogSeverity@12@PEBDH@Z) referenced in function "public: static void (__cdecl*__cdecl testing::internal::SuiteApiResolver<class testing::Test>::GetSetUpCaseOrSuite(char const *,int))(void)" (?GetSetUpCaseOrSuite@?$SuiteApiResolver@VTest@testing@@@internal@testing@@SAP6AXXZPEBDH@Z)
test_transaction_serialization.obj : error LNK2019: unresolved external symbol "public: __cdecl testing::internal::GTestLog::~GTestLog(void)" (??1GTestLog@internal@testing@@QEAA@XZ) referenced in function "public: static void (__cdecl*__cdecl testing::internal::SuiteApiResolver<class testing::Test>::GetSetUpCaseOrSuite(char const *,int))(void)" (?GetSetUpCaseOrSuite@?$SuiteApiResolver@VTest@testing@@@internal@testing@@SAP6AXXZPEBDH@Z)
test_transaction_serialization.obj : error LNK2019: unresolved external symbol "public: __cdecl testing::Message::Message(void)" (??0Message@testing@@QEAA@XZ) referenced in function "private: virtual void __cdecl AddressSerialize_serializationTest_Test::TestBody(void)" (?TestBody@AddressSerialize_serializationTest_Test@@EEAAXXZ)
test_transaction_serialization.obj : error LNK2019: unresolved external symbol "public: class std::basic_string<char,struct std::char_traits<char>,class std::allocator<char> > __cdecl testing::Message::GetString(void)const " (?GetString@Message@testing@@QEBA?AV?$basic_string@DU?$char_traits@D@std@@V?$allocator@D@2@@std@@XZ) referenced in function "private: void __cdecl testing::AssertionResult::AppendMessage(class testing::Message const &)" (?AppendMessage@AssertionResult@testing@@AEAAXAEBVMessage@2@@Z)
test_transaction_serialization.obj : error LNK2019: unresolved external symbol "public: __cdecl testing::AssertionResult::AssertionResult(class testing::AssertionResult const &)" (??0AssertionResult@testing@@QEAA@AEBV01@@Z) referenced in function "class testing::AssertionResult __cdecl testing::internal::CmpHelperOpFailure<unsigned __int64,int>(char const *,char const *,unsigned __int64 const &,int const &,char const *)" (??$CmpHelperOpFailure@_KH@internal@testing@@YA?AVAssertionResult@1@PEBD0AEB_KAEBH0@Z)
test_transaction_serialization.obj : error LNK2019: unresolved external symbol "class testing::AssertionResult __cdecl testing::AssertionSuccess(void)" (?AssertionSuccess@testing@@YA?AVAssertionResult@1@XZ) referenced in function "class testing::AssertionResult __cdecl testing::internal::CmpHelperEQ<unsigned char,unsigned char>(char const *,char const *,unsigned char const &,unsigned char const &)" (??$CmpHelperEQ@EE@internal@testing@@YA?AVAssertionResult@1@PEBD0AEBE1@Z)
test_transaction_serialization.obj : error LNK2019: unresolved external symbol "class testing::AssertionResult __cdecl testing::AssertionFailure(void)" (?AssertionFailure@testing@@YA?AVAssertionResult@1@XZ) referenced in function "class testing::AssertionResult __cdecl testing::internal::CmpHelperOpFailure<unsigned __int64,int>(char const *,char const *,unsigned __int64 const &,int const &,char const *)" (??$CmpHelperOpFailure@_KH@internal@testing@@YA?AVAssertionResult@1@PEBD0AEB_KAEBH0@Z)
test_transaction_serialization.obj : error LNK2019: unresolved external symbol "class testing::AssertionResult __cdecl testing::internal::EqFailure(char const *,char const *,class std::basic_string<char,struct std::char_traits<char>,class std::allocator<char> > const &,class std::basic_string<char,struct std::char_traits<char>,class std::allocator<char> > const &,bool)" (?EqFailure@internal@testing@@YA?AVAssertionResult@2@PEBD0AEBV?$basic_string@DU?$char_traits@D@std@@V?$allocator@D@2@@std@@1_N@Z) referenced in function "class testing::AssertionResult __cdecl testing::internal::CmpHelperEQFailure<unsigned char,unsigned char>(char const *,char const *,unsigned char const &,unsigned char const &)" (??$CmpHelperEQFailure@EE@internal@testing@@YA?AVAssertionResult@1@PEBD0AEBE1@Z)
test_transaction_serialization.obj : error LNK2019: unresolved external symbol "class std::basic_string<char,struct std::char_traits<char>,class std::allocator<char> > __cdecl testing::internal::GetBoolAssertionFailureMessage(class testing::AssertionResult const &,char const *,char const *,char const *)" (?GetBoolAssertionFailureMessage@internal@testing@@YA?AV?$basic_string@DU?$char_traits@D@std@@V?$allocator@D@2@@std@@AEBVAssertionResult@2@PEBD11@Z) referenced in function "private: virtual void __cdecl ModuleIdTest_EqualityOperator_Test::TestBody(void)" (?TestBody@ModuleIdTest_EqualityOperator_Test@@EEAAXXZ)
test_transaction_serialization.obj : error LNK2019: unresolved external symbol "void const * __cdecl testing::internal::GetTestTypeId(void)" (?GetTestTypeId@internal@testing@@YAPEBXXZ) referenced in function "void __cdecl `dynamic initializer for 'private: static class testing::TestInfo * AddressSerialize_serializationTest_Test::test_info_''(void)" (??__E?test_info_@AddressSerialize_serializationTest_Test@@0QEAVTestInfo@testing@@EA@@YAXXZ)
test_transaction_serialization.obj : error LNK2019: unresolved external symbol "class testing::TestInfo * __cdecl testing::internal::MakeAndRegisterTestInfo(char const *,char const *,char const *,char const *,struct testing::internal::CodeLocation,void const *,void (__cdecl*)(void),void (__cdecl*)(void),class testing::internal::TestFactoryBase *)" (?MakeAndRegisterTestInfo@internal@testing@@YAPEAVTestInfo@2@PEBD000UCodeLocation@12@PEBXP6AXXZ3PEAVTestFactoryBase@12@@Z) referenced in function "void __cdecl `dynamic initializer for 'private: static class testing::TestInfo * AddressSerialize_serializationTest_Test::test_info_''(void)" (??__E?test_info_@AddressSerialize_serializationTest_Test@@0QEAVTestInfo@testing@@EA@@YAXXZ)
test_transaction_serialization.obj : error LNK2019: unresolved external symbol "bool __cdecl testing::internal::AlwaysTrue(void)" (?AlwaysTrue@internal@testing@@YA_NXZ) referenced in function "private: virtual void __cdecl ModuleIdTest_FromStr_Test::TestBody(void)" (?TestBody@ModuleIdTest_FromStr_Test@@EEAAXXZ)
test_transaction_serialization.obj : error LNK2019: unresolved external symbol "void __cdecl testing::internal::PrintBytesInObjectTo(unsigned char const *,unsigned __int64,class std::basic_ostream<char,struct std::char_traits<char> > *)" (?PrintBytesInObjectTo@internal@testing@@YAXPEBE_KPEAV?$basic_ostream@DU?$char_traits@D@std@@@std@@@Z) referenced in function "public: static void __cdecl testing::internal::RawBytesPrinter::PrintValue<class Aptos::BCS::Authenticator,32>(class Aptos::BCS::Authenticator const &,class std::basic_ostream<char,struct std::char_traits<char> > *)" (??$PrintValue@VAuthenticator@BCS@Aptos@@$0CA@@RawBytesPrinter@internal@testing@@SAXAEBVAuthenticator@BCS@Aptos@@PEAV?$basic_ostream@DU?$char_traits@D@std@@@std@@@Z)
test_transaction_serialization.obj : error LNK2019: unresolved external symbol "void __cdecl testing::internal::PrintTo(unsigned char,class std::basic_ostream<char,struct std::char_traits<char> > *)" (?PrintTo@internal@testing@@YAXEPEAV?$basic_ostream@DU?$char_traits@D@std@@@std@@@Z) referenced in function "public: static void __cdecl testing::internal::UniversalPrinter<unsigned char>::Print(unsigned char const &,class std::basic_ostream<char,struct std::char_traits<char> > *)" (?Print@?$UniversalPrinter@E@internal@testing@@SAXAEBEPEAV?$basic_ostream@DU?$char_traits@D@std@@@std@@@Z)
test_transaction_serialization.obj : error LNK2019: unresolved external symbol "void __cdecl testing::internal::PrintStringTo(class std::basic_string<char,struct std::char_traits<char>,class std::allocator<char> > const &,class std::basic_ostream<char,struct std::char_traits<char> > *)" (?PrintStringTo@internal@testing@@YAXAEBV?$basic_string@DU?$char_traits@D@std@@V?$allocator@D@2@@std@@PEAV?$basic_ostream@DU?$char_traits@D@std@@@4@@Z) referenced in function "void __cdecl testing::internal::PrintTo(class std::basic_string<char,struct std::char_traits<char>,class std::allocator<char> > const &,class std::basic_ostream<char,struct std::char_traits<char> > *)" (?PrintTo@internal@testing@@YAXAEBV?$basic_string@DU?$char_traits@D@std@@V?$allocator@D@2@@std@@PEAV?$basic_ostream@DU?$char_traits@D@std@@@4@@Z)
test_transaction_serialization.obj : error LNK2019: unresolved external symbol "public: virtual __cdecl testing::Test::~Test(void)" (??1Test@testing@@UEAA@XZ) referenced in function "public: virtual __cdecl AddressSerialize_serializationTest_Test::~AddressSerialize_serializationTest_Test(void)" (??1AddressSerialize_serializationTest_Test@@UEAA@XZ)
test_transaction_serialization.obj : error LNK2019: unresolved external symbol "protected: __cdecl testing::Test::Test(void)" (??0Test@testing@@IEAA@XZ) referenced in function "public: __cdecl AddressSerialize_serializationTest_Test::AddressSerialize_serializationTest_Test(void)" (??0AddressSerialize_serializationTest_Test@@QEAA@XZ)
test_transaction_serialization.obj : error LNK2001: unresolved external symbol "protected: virtual void __cdecl testing::Test::SetUp(void)" (?SetUp@Test@testing@@MEAAXXZ)
test_transaction_serialization.obj : error LNK2001: unresolved external symbol "protected: virtual void __cdecl testing::Test::TearDown(void)" (?TearDown@Test@testing@@MEAAXXZ)
test_transaction_serialization.obj : error LNK2019: unresolved external symbol "public: __cdecl testing::internal::AssertHelper::AssertHelper(enum testing::TestPartResult::Type,char const *,int,char const *)" (??0AssertHelper@internal@testing@@QEAA@W4Type@TestPartResult@2@PEBDH1@Z) referenced in function "private: virtual void __cdecl AddressSerialize_serializationTest_Test::TestBody(void)" (?TestBody@AddressSerialize_serializationTest_Test@@EEAAXXZ)
test_transaction_serialization.obj : error LNK2019: unresolved external symbol "public: __cdecl testing::internal::AssertHelper::~AssertHelper(void)" (??1AssertHelper@internal@testing@@QEAA@XZ) referenced in function "private: virtual void __cdecl AddressSerialize_serializationTest_Test::TestBody(void)" (?TestBody@AddressSerialize_serializationTest_Test@@EEAAXXZ)
test_transaction_serialization.obj : error LNK2019: unresolved external symbol "public: void __cdecl testing::internal::AssertHelper::operator=(class testing::Message const &)const " (??4AssertHelper@internal@testing@@QEBAXAEBVMessage@2@@Z) referenced in function "private: virtual void __cdecl AddressSerialize_serializationTest_Test::TestBody(void)" (?TestBody@AddressSerialize_serializationTest_Test@@EEAAXXZ)
test_transaction_serialization.obj : error LNK2019: unresolved external symbol "public: __cdecl CryptoPP::Integer::Integer(long)" (??0Integer@CryptoPP@@QEAA@J@Z) referenced in function "void __cdecl std::_Construct_in_place<class Aptos::BCS::U128,int>(class Aptos::BCS::U128 &,int &&)" (??$_Construct_in_place@VU128@BCS@Aptos@@H@std@@YAXAEAVU128@BCS@Aptos@@$$QEAH@Z)
MSVCRTD.lib(exe_main.obj) : error LNK2019: unresolved external symbol main referenced in function "int __cdecl invoke_main(void)" (?invoke_main@@YAHXZ)
C:\Users\Beyioku\Documents\Unreal Projects\Aptos-Cpp-SDK\build\Debug\test_transaction_serialization.exe : fatal error LNK1120: 25 unresolved externals
